D:\DILIVER\OPENWSMAN-2.2.7\RELEASE\URI.OBJ
D:\DILIVER\OPENWSMAN-2.2.7\RELEASE\UOPTION.OBJ
D:\DILIVER\OPENWSMAN-2.2.7\RELEASE\UERR.OBJ
D:\DILIVER\OPENWSMAN-2.2.7\RELEASE\SYSLOG.OBJ
D:\DILIVER\OPENWSMAN-2.2.7\RELEASE\STRINGS.OBJ
D:\DILIVER\OPENWSMAN-2.2.7\RELEASE\PTHREADX_WIN32.OBJ
D:\DILIVER\OPENWSMAN-2.2.7\RELEASE\OS.OBJ
D:\DILIVER\OPENWSMAN-2.2.7\RELEASE\OPENWSMAN_WRAP.OBJ
D:\DILIVER\OPENWSMAN-2.2.7\RELEASE\MISC.OBJ
D:\DILIVER\OPENWSMAN-2.2.7\RELEASE\MEMORY.OBJ
D:\DILIVER\OPENWSMAN-2.2.7\RELEASE\MD5.OBJ
D:\DILIVER\OPENWSMAN-2.2.7\RELEASE\LOG.OBJ
D:\DILIVER\OPENWSMAN-2.2.7\RELEASE\LOCK.OBJ
D:\DILIVER\OPENWSMAN-2.2.7\RELEASE\LIST.OBJ
D:\DILIVER\OPENWSMAN-2.2.7\RELEASE\INIPARSER.OBJ
D:\DILIVER\OPENWSMAN-2.2.7\RELEASE\HASH.OBJ
D:\DILIVER\OPENWSMAN-2.2.7\RELEASE\GETTIMEOFDAY.OBJ
D:\DILIVER\OPENWSMAN-2.2.7\RELEASE\DEBUG.OBJ
D:\DILIVER\OPENWSMAN-2.2.7\RELEASE\BUF.OBJ
D:\DILIVER\OPENWSMAN-2.2.7\RELEASE\BASE64.OBJ
D:\DILIVER\OPENWSMAN-2.2.7\RELEASE\WSMAN-XML.OBJ
D:\DILIVER\OPENWSMAN-2.2.7\RELEASE\WSMAN-XML-SERIALIZE.OBJ
D:\DILIVER\OPENWSMAN-2.2.7\RELEASE\WSMAN-WIN-CLIENT-TRANSPORT.OBJ
D:\DILIVER\OPENWSMAN-2.2.7\RELEASE\WSMAN-SOAP.OBJ
D:\DILIVER\OPENWSMAN-2.2.7\RELEASE\WSMAN-SOAP-MESSAGE.OBJ
D:\DILIVER\OPENWSMAN-2.2.7\RELEASE\WSMAN-SOAP-ENVELOPE.OBJ
D:\DILIVER\OPENWSMAN-2.2.7\RELEASE\WSMAN-LIBXML2-BINDING.OBJ
D:\DILIVER\OPENWSMAN-2.2.7\RELEASE\WSMAN-FILTER.OBJ
D:\DILIVER\OPENWSMAN-2.2.7\RELEASE\WSMAN-FAULTS.OBJ
D:\DILIVER\OPENWSMAN-2.2.7\RELEASE\WSMAN-EPR.OBJ
D:\DILIVER\OPENWSMAN-2.2.7\RELEASE\WSMAN-DISPATCHER.OBJ
D:\DILIVER\OPENWSMAN-2.2.7\RELEASE\WSMAN-DEBUG.OBJ
D:\DILIVER\OPENWSMAN-2.2.7\RELEASE\WSMAN-CLIENT.OBJ
D:\DILIVER\OPENWSMAN-2.2.7\RELEASE\WSMAN-CLIENT-TRANSPORT.OBJ
D:\DILIVER\OPENWSMAN-2.2.7\RELEASE\UUID.OBJ
D:\DILIVER\OPENWSMAN-2.2.7\RELEASE\VC110.PDB
D:\DILIVER\OPENWSMAN-2.2.7\RELEASE\OPENWSMANCLIENT.OBJ
D:\DILIVER\OPENWSMAN-2.2.7\BINDINGS\OUT\CLASSES\WSMANCLIENT.DLL
D:\diliver\lib\OpenWsmanLib.lib
D:\diliver\lib\OpenWsmanLib.exp
D:\diliver\openwsman-2.2.7\Release\base64.obj
D:\diliver\openwsman-2.2.7\Release\buf.obj
D:\diliver\openwsman-2.2.7\Release\debug.obj
D:\diliver\openwsman-2.2.7\Release\gettimeofday.obj
D:\diliver\openwsman-2.2.7\Release\hash.obj
D:\diliver\openwsman-2.2.7\Release\iniparser.obj
D:\diliver\openwsman-2.2.7\Release\list.obj
D:\diliver\openwsman-2.2.7\Release\lock.obj
D:\diliver\openwsman-2.2.7\Release\log.obj
D:\diliver\openwsman-2.2.7\Release\md5.obj
D:\diliver\openwsman-2.2.7\Release\memory.obj
D:\diliver\openwsman-2.2.7\Release\misc.obj
D:\diliver\openwsman-2.2.7\Release\OpenWsmanClient.obj
D:\diliver\openwsman-2.2.7\Release\openwsman_wrap.obj
D:\diliver\openwsman-2.2.7\Release\os.obj
D:\diliver\openwsman-2.2.7\Release\pthreadx_win32.obj
D:\diliver\openwsman-2.2.7\Release\strings.obj
D:\diliver\openwsman-2.2.7\Release\syslog.obj
D:\diliver\openwsman-2.2.7\Release\uerr.obj
D:\diliver\openwsman-2.2.7\Release\uoption.obj
D:\diliver\openwsman-2.2.7\Release\uri.obj
D:\diliver\openwsman-2.2.7\Release\uuid.obj
D:\diliver\openwsman-2.2.7\Release\wsman-client-transport.obj
D:\diliver\openwsman-2.2.7\Release\wsman-client.obj
D:\diliver\openwsman-2.2.7\Release\wsman-debug.obj
D:\diliver\openwsman-2.2.7\Release\wsman-dispatcher.obj
D:\diliver\openwsman-2.2.7\Release\wsman-epr.obj
D:\diliver\openwsman-2.2.7\Release\wsman-faults.obj
D:\diliver\openwsman-2.2.7\Release\wsman-filter.obj
D:\diliver\openwsman-2.2.7\Release\wsman-libxml2-binding.obj
D:\diliver\openwsman-2.2.7\Release\wsman-soap-envelope.obj
D:\diliver\openwsman-2.2.7\Release\wsman-soap-message.obj
D:\diliver\openwsman-2.2.7\Release\wsman-soap.obj
D:\diliver\openwsman-2.2.7\Release\wsman-win-client-transport.obj
D:\diliver\openwsman-2.2.7\Release\wsman-xml-serialize.obj
D:\diliver\openwsman-2.2.7\Release\wsman-xml.obj
D:\diliver\openwsman-2.2.7\Release\cl.command.1.tlog
D:\diliver\openwsman-2.2.7\Release\CL.read.1.tlog
D:\diliver\openwsman-2.2.7\Release\CL.write.1.tlog
D:\diliver\openwsman-2.2.7\Release\link-cvtres.read.1.tlog
D:\diliver\openwsman-2.2.7\Release\link-cvtres.write.1.tlog
D:\diliver\openwsman-2.2.7\Release\link-rc.read.1.tlog
D:\diliver\openwsman-2.2.7\Release\link-rc.write.1.tlog
D:\diliver\openwsman-2.2.7\Release\link.command.1.tlog
D:\diliver\openwsman-2.2.7\Release\link.read.1.tlog
D:\diliver\openwsman-2.2.7\Release\link.write.1.tlog
D:\diliver\openwsman-2.2.7\Release\OpenWsmanLib.write.1.tlog
D:\diliver\openwsman-2.2.7\Release\vc110.pdb
